22-04-13 8:20:56.8961981 pid:7740 tid:1 sqltools Critical: 0 : An unhandled exception occurred: System.IO.FileLoadException: Could not load file or assembly 'System.Reflection.Emit, Version=6.0.0.0, Culture=neutral, PublicKeyToken=b03f5f7f11d50a3a'. The process cannot access the file because it is being used by another process. (0x80070020)
File name: 'System.Reflection.Emit, Version=6.0.0.0, Culture=neutral, PublicKeyToken=b03f5f7f11d50a3a'
   at System.Xml.Serialization.CodeGenerator.CreateAssemblyBuilder
   at System.Xml.Serialization.TempAssembly.GenerateRefEmitAssembly(XmlMapping[] xmlMappings, Type[] types, String defaultNamespace)
   at System.Xml.Serialization.TempAssembly..ctor(XmlMapping[] xmlMappings, Type[] types, String defaultNamespace, String location)
   at System.Xml.Serialization.XmlSerializer.GenerateTempAssembly(XmlMapping xmlMapping, Type type, String defaultNamespace, String location)
   at System.Xml.Serialization.XmlSerializer..ctor(Type type, String defaultNamespace)
   at Microsoft.SqlTools.ServiceLayer.ObjectExplorer.SmoModel.NodePathGenerator.Initialize() in D:\a\1\s\src\Microsoft.SqlTools.ServiceLayer\ObjectExplorer\SmoModel\NodePathGenerator.cs:line 26
   at Microsoft.SqlTools.ServiceLayer.ObjectExplorer.ObjectExplorerService..ctor() in D:\a\1\s\src\Microsoft.SqlTools.ServiceLayer\ObjectExplorer\ObjectExplorerService.cs:line 63
   at lambda_method110(Closure , LifetimeContext , CompositionOperation )
   at System.Composition.TypedParts.ActivationFeatures.DisposalFeature.<>c__DisplayClass0_0.<RewriteActivator>b__0(LifetimeContext c, CompositionOperation o)
   at System.Composition.Hosting.Providers.ImportMany.ImportManyExportDescriptorProvider.<>c__DisplayClass3_2`1.<GetImportManyDescriptor>b__4(ExportDescriptor e)
   at System.Linq.Enumerable.SelectArrayIterator`2.ToArray()
   at System.Linq.Enumerable.ToArray[TSource](IEnumerable`1 source)
   at System.Composition.Hosting.Providers.ImportMany.ImportManyExportDescriptorProvider.<>c__DisplayClass3_1`1.<GetImportManyDescriptor>b__3(LifetimeContext c, CompositionOperation o)
   at System.Composition.Hosting.Core.CompositionOperation.Run(LifetimeContext outermostLifetimeContext, CompositeActivator compositionRootActivator)
   at System.Composition.Hosting.Core.LifetimeContext.TryGetExport(CompositionContract contract, Object& export)
   at System.Composition.Hosting.CompositionHost.TryGetExport(CompositionContract contract, Object& export)
   at System.Composition.CompositionContext.GetExport(CompositionContract contract)
   at System.Composition.CompositionContext.GetExports(Type exportType, String contractName)
   at System.Composition.CompositionContext.GetExports(Type exportType)
   at Microsoft.SqlTools.Extensibility.ExtensionStore.GetExports[T]() in D:\a\1\s\src\Microsoft.SqlTools.Hosting\Extensibility\ExtensionServiceProvider.cs:line 191
   at Microsoft.SqlTools.Extensibility.ExtensionServiceProvider.<>c__DisplayClass8_0`1.<EnsureExtensionStoreRegistered>b__0() in D:\a\1\s\src\Microsoft.SqlTools.Hosting\Extensibility\ExtensionServiceProvider.cs:line 116
   at Microsoft.SqlTools.Extensibility.RegisteredServiceProvider.<>c__DisplayClass4_0`1.<Register>b__0() in D:\a\1\s\src\Microsoft.SqlTools.Hosting\Extensibility\RegisteredServiceProvider.cs:line 74
   at Microsoft.SqlTools.Extensibility.RegisteredServiceProvider.GetServicesImpl[T]() in D:\a\1\s\src\Microsoft.SqlTools.Hosting\Extensibility\RegisteredServiceProvider.cs:line 106
   at Microsoft.SqlTools.Extensibility.ExtensionServiceProvider.GetServicesImpl[T]() in D:\a\1\s\src\Microsoft.SqlTools.Hosting\Extensibility\ExtensionServiceProvider.cs:line 108
   at Microsoft.SqlTools.Extensibility.ServiceProviderBase.GetServices[T]() in D:\a\1\s\src\Microsoft.SqlTools.Hosting\Extensibility\IMultiServiceProvider.cs:line 73
   at Microsoft.SqlTools.ServiceLayer.HostLoader.InitializeHostedServices(RegisteredServiceProvider provider, IProtocolEndpoint host) in D:\a\1\s\src\Microsoft.SqlTools.ServiceLayer\HostLoader.cs:line 179
   at Microsoft.SqlTools.ServiceLayer.HostLoad